Compiled application.js  (3ms)  (pid 1969)
Compiled jquery.js  (2ms)  (pid 1969)
Compiled jquery_ujs.js  (0ms)  (pid 1969)
Compiled pages.js  (201ms)  (pid 1969)
Compiled plans.js  (217ms)  (pid 1969)
Compiled application.css  (1ms)  (pid 1969)
Compiled pages.css  (7ms)  (pid 1969)
Compiled plans.css  (1ms)  (pid 1969)
Compiled application.js  (2ms)  (pid 1957)
Compiled jquery.js  (1ms)  (pid 1957)
Compiled jquery_ujs.js  (0ms)  (pid 1957)
Compiled pages.js  (162ms)  (pid 1957)
Compiled plans.js  (155ms)  (pid 1957)
Compiled application.css  (2ms)  (pid 1957)
Compiled pages.css  (7ms)  (pid 1957)
Compiled plans.css  (1ms)  (pid 1957)
Compiled application.js  (2ms)  (pid 4074)
Compiled jquery.js  (1ms)  (pid 4074)
Compiled jquery_ujs.js  (0ms)  (pid 4074)
Compiled pages.js  (152ms)  (pid 4074)
Compiled plans.js  (148ms)  (pid 4074)
Compiled application.css  (1ms)  (pid 4074)
Compiled pages.css  (7ms)  (pid 4074)
Compiled plans.css  (1ms)  (pid 4074)
Compiled application.js  (2ms)  (pid 4062)
Compiled jquery.js  (3ms)  (pid 4062)
Compiled jquery_ujs.js  (0ms)  (pid 4062)
Compiled pages.js  (229ms)  (pid 4062)
Compiled plans.js  (150ms)  (pid 4062)
Compiled application.css  (1ms)  (pid 4062)
Compiled pages.css  (10ms)  (pid 4062)
Compiled plans.css  (1ms)  (pid 4062)
Compiled application.js  (3ms)  (pid 6591)
Compiled jquery.js  (1ms)  (pid 6591)
Compiled jquery_ujs.js  (0ms)  (pid 6591)
Compiled pages.js  (155ms)  (pid 6591)
Compiled plans.js  (149ms)  (pid 6591)
Compiled application.css  (1ms)  (pid 6591)
Compiled pages.css  (9ms)  (pid 6591)
Compiled plans.css  (1ms)  (pid 6591)
Compiled application.js  (2ms)  (pid 6579)
Compiled jquery.js  (2ms)  (pid 6579)
Compiled jquery_ujs.js  (0ms)  (pid 6579)
Compiled pages.js  (162ms)  (pid 6579)
Compiled plans.js  (149ms)  (pid 6579)
Compiled application.css  (1ms)  (pid 6579)
Compiled pages.css  (7ms)  (pid 6579)
Compiled plans.css  (1ms)  (pid 6579)
Compiled application.js  (3ms)  (pid 9157)
Compiled jquery.js  (1ms)  (pid 9157)
Compiled jquery_ujs.js  (0ms)  (pid 9157)
Compiled pages.js  (151ms)  (pid 9157)
Compiled plans.js  (171ms)  (pid 9157)
Compiled subscriptions.js  (158ms)  (pid 9157)
Compiled application.css  (1ms)  (pid 9157)
Compiled base.css  (0ms)  (pid 9157)
Compiled pages.css  (11ms)  (pid 9157)
Compiled plans.css  (1ms)  (pid 9157)
Compiled subscriptions.css  (2ms)  (pid 9157)
Compiled application.js  (3ms)  (pid 9143)
Compiled jquery.js  (3ms)  (pid 9143)
Compiled jquery_ujs.js  (0ms)  (pid 9143)
Compiled pages.js  (235ms)  (pid 9143)
Compiled plans.js  (173ms)  (pid 9143)
Compiled subscriptions.js  (155ms)  (pid 9143)
Compiled application.css  (2ms)  (pid 9143)
Compiled base.css  (0ms)  (pid 9143)
Compiled pages.css  (11ms)  (pid 9143)
Compiled plans.css  (1ms)  (pid 9143)
Compiled subscriptions.css  (1ms)  (pid 9143)
Compiled application.js  (5ms)  (pid 10448)
Compiled jquery.js  (2ms)  (pid 10448)
Compiled jquery_ujs.js  (0ms)  (pid 10448)
Compiled pages.js  (199ms)  (pid 10448)
Compiled participants.js  (152ms)  (pid 10448)
Compiled plans.js  (157ms)  (pid 10448)
Compiled subscriptions.js  (151ms)  (pid 10448)
Compiled application.css  (3ms)  (pid 10448)
Compiled base.css  (0ms)  (pid 10448)
Compiled pages.css  (11ms)  (pid 10448)
Compiled participants.css  (1ms)  (pid 10448)
Compiled plans.css  (1ms)  (pid 10448)
Compiled scaffolds.css  (10ms)  (pid 10448)
Compiled subscriptions.css  (1ms)  (pid 10448)
Compiled application.js  (3ms)  (pid 10432)
Compiled jquery.js  (2ms)  (pid 10432)
Compiled jquery_ujs.js  (1ms)  (pid 10432)
Compiled pages.js  (178ms)  (pid 10432)
Compiled participants.js  (153ms)  (pid 10432)
Compiled plans.js  (157ms)  (pid 10432)
Compiled subscriptions.js  (152ms)  (pid 10432)
Compiled application.css  (2ms)  (pid 10432)
Compiled base.css  (0ms)  (pid 10432)
Compiled pages.css  (10ms)  (pid 10432)
Compiled participants.css  (1ms)  (pid 10432)
Compiled plans.css  (1ms)  (pid 10432)
Compiled scaffolds.css  (10ms)  (pid 10432)
Compiled subscriptions.css  (1ms)  (pid 10432)
Compiled application.js  (3ms)  (pid 10554)
Compiled jquery.js  (2ms)  (pid 10554)
Compiled jquery_ujs.js  (0ms)  (pid 10554)
Compiled pages.js  (203ms)  (pid 10554)
Compiled participants.js  (155ms)  (pid 10554)
Compiled plans.js  (157ms)  (pid 10554)
Compiled subscriptions.js  (152ms)  (pid 10554)
Compiled application.css  (3ms)  (pid 10554)
Compiled base.css  (0ms)  (pid 10554)
Compiled pages.css  (13ms)  (pid 10554)
Compiled participants.css  (1ms)  (pid 10554)
Compiled plans.css  (1ms)  (pid 10554)
Compiled subscriptions.css  (1ms)  (pid 10554)
Compiled application.js  (4ms)  (pid 10538)
Compiled jquery.js  (2ms)  (pid 10538)
Compiled jquery_ujs.js  (0ms)  (pid 10538)
Compiled pages.js  (177ms)  (pid 10538)
Compiled participants.js  (152ms)  (pid 10538)
Compiled plans.js  (156ms)  (pid 10538)
Compiled subscriptions.js  (151ms)  (pid 10538)
Compiled application.css  (2ms)  (pid 10538)
Compiled base.css  (0ms)  (pid 10538)
Compiled pages.css  (10ms)  (pid 10538)
Compiled participants.css  (1ms)  (pid 10538)
Compiled plans.css  (1ms)  (pid 10538)
Compiled subscriptions.css  (0ms)  (pid 10538)
Compiled application.js  (3ms)  (pid 11322)
Compiled jquery.js  (3ms)  (pid 11322)
Compiled jquery_ujs.js  (0ms)  (pid 11322)
Compiled pages.js  (180ms)  (pid 11322)
Compiled participants.js  (156ms)  (pid 11322)
Compiled plans.js  (154ms)  (pid 11322)
Compiled subscriptions.js  (156ms)  (pid 11322)
Compiled application.css  (4ms)  (pid 11322)
Compiled base.css  (0ms)  (pid 11322)
Compiled pages.css  (11ms)  (pid 11322)
Compiled participants.css  (1ms)  (pid 11322)
Compiled plans.css  (2ms)  (pid 11322)
Compiled subscriptions.css  (1ms)  (pid 11322)
Compiled application.js  (3ms)  (pid 11306)
Compiled jquery.js  (2ms)  (pid 11306)
Compiled jquery_ujs.js  (0ms)  (pid 11306)
Compiled pages.js  (179ms)  (pid 11306)
Compiled participants.js  (153ms)  (pid 11306)
Compiled plans.js  (162ms)  (pid 11306)
Compiled subscriptions.js  (157ms)  (pid 11306)
Compiled application.css  (2ms)  (pid 11306)
Compiled base.css  (0ms)  (pid 11306)
Compiled pages.css  (12ms)  (pid 11306)
Compiled participants.css  (1ms)  (pid 11306)
Compiled plans.css  (2ms)  (pid 11306)
Compiled subscriptions.css  (2ms)  (pid 11306)
Compiled application.js  (3ms)  (pid 11511)
Compiled jquery.js  (3ms)  (pid 11511)
Compiled jquery_ujs.js  (0ms)  (pid 11511)
Compiled pages.js  (176ms)  (pid 11511)
Compiled participants.js  (158ms)  (pid 11511)
Compiled plans.js  (153ms)  (pid 11511)
Compiled subscriptions.js  (153ms)  (pid 11511)
Compiled application.css  (3ms)  (pid 11511)
Compiled base.css  (0ms)  (pid 11511)
Compiled pages.css  (11ms)  (pid 11511)
Compiled participants.css  (1ms)  (pid 11511)
Compiled plans.css  (1ms)  (pid 11511)
Compiled subscriptions.css  (1ms)  (pid 11511)
Compiled application.js  (5ms)  (pid 11495)
Compiled jquery.js  (3ms)  (pid 11495)
Compiled jquery_ujs.js  (0ms)  (pid 11495)
Compiled pages.js  (181ms)  (pid 11495)
Compiled participants.js  (153ms)  (pid 11495)
Compiled plans.js  (160ms)  (pid 11495)
Compiled subscriptions.js  (151ms)  (pid 11495)
Compiled application.css  (3ms)  (pid 11495)
Compiled base.css  (0ms)  (pid 11495)
Compiled pages.css  (13ms)  (pid 11495)
Compiled participants.css  (1ms)  (pid 11495)
Compiled plans.css  (2ms)  (pid 11495)
Compiled subscriptions.css  (2ms)  (pid 11495)
Compiled application.js  (4ms)  (pid 11891)
Compiled jquery.js  (2ms)  (pid 11891)
Compiled jquery_ujs.js  (0ms)  (pid 11891)
Compiled pages.js  (161ms)  (pid 11891)
Compiled participants.js  (159ms)  (pid 11891)
Compiled plans.js  (160ms)  (pid 11891)
Compiled search.js  (155ms)  (pid 11891)
Compiled subscriptions.js  (156ms)  (pid 11891)
Compiled application.css  (4ms)  (pid 11891)
Compiled base.css  (0ms)  (pid 11891)
Compiled pages.css  (14ms)  (pid 11891)
Compiled participants.css  (1ms)  (pid 11891)
Compiled plans.css  (1ms)  (pid 11891)
Compiled search.css  (1ms)  (pid 11891)
Compiled subscriptions.css  (1ms)  (pid 11891)
Compiled application.js  (6ms)  (pid 11873)
Compiled jquery.js  (2ms)  (pid 11873)
Compiled jquery_ujs.js  (0ms)  (pid 11873)
Compiled pages.js  (162ms)  (pid 11873)
Compiled participants.js  (158ms)  (pid 11873)
Compiled plans.js  (164ms)  (pid 11873)
Compiled search.js  (159ms)  (pid 11873)
Compiled subscriptions.js  (155ms)  (pid 11873)
Compiled application.css  (2ms)  (pid 11873)
Compiled base.css  (0ms)  (pid 11873)
Compiled pages.css  (9ms)  (pid 11873)
Compiled participants.css  (1ms)  (pid 11873)
Compiled plans.css  (1ms)  (pid 11873)
Compiled search.css  (1ms)  (pid 11873)
Compiled subscriptions.css  (1ms)  (pid 11873)
Compiled application.js  (4ms)  (pid 12017)
Compiled jquery.js  (2ms)  (pid 12017)
Compiled jquery_ujs.js  (0ms)  (pid 12017)
Compiled pages.js  (154ms)  (pid 12017)
Compiled participants.js  (151ms)  (pid 12017)
Compiled plans.js  (154ms)  (pid 12017)
Compiled search.js  (155ms)  (pid 12017)
Compiled subscriptions.js  (150ms)  (pid 12017)
Compiled application.css  (2ms)  (pid 12017)
Compiled base.css  (0ms)  (pid 12017)
Compiled pages.css  (10ms)  (pid 12017)
Compiled participants.css  (1ms)  (pid 12017)
Compiled plans.css  (2ms)  (pid 12017)
Compiled search.css  (1ms)  (pid 12017)
Compiled subscriptions.css  (1ms)  (pid 12017)
Compiled application.js  (4ms)  (pid 11999)
Compiled jquery.js  (2ms)  (pid 11999)
Compiled jquery_ujs.js  (0ms)  (pid 11999)
Compiled pages.js  (169ms)  (pid 11999)
Compiled participants.js  (181ms)  (pid 11999)
Compiled plans.js  (191ms)  (pid 11999)
Compiled search.js  (176ms)  (pid 11999)
Compiled subscriptions.js  (152ms)  (pid 11999)
Compiled application.css  (2ms)  (pid 11999)
Compiled base.css  (0ms)  (pid 11999)
Compiled pages.css  (11ms)  (pid 11999)
Compiled participants.css  (1ms)  (pid 11999)
Compiled plans.css  (1ms)  (pid 11999)
Compiled search.css  (1ms)  (pid 11999)
Compiled subscriptions.css  (1ms)  (pid 11999)
Compiled application.js  (4ms)  (pid 12162)
Compiled jquery.js  (2ms)  (pid 12162)
Compiled jquery_ujs.js  (0ms)  (pid 12162)
Compiled pages.js  (195ms)  (pid 12162)
Compiled participants.js  (177ms)  (pid 12162)
Compiled plans.js  (153ms)  (pid 12162)
Compiled search.js  (155ms)  (pid 12162)
Compiled subscriptions.js  (156ms)  (pid 12162)
Compiled application.css  (2ms)  (pid 12162)
Compiled base.css  (0ms)  (pid 12162)
Compiled pages.css  (10ms)  (pid 12162)
Compiled participants.css  (1ms)  (pid 12162)
Compiled plans.css  (1ms)  (pid 12162)
Compiled search.css  (1ms)  (pid 12162)
Compiled subscriptions.css  (1ms)  (pid 12162)
Compiled application.js  (4ms)  (pid 12144)
Compiled jquery.js  (3ms)  (pid 12144)
Compiled jquery_ujs.js  (0ms)  (pid 12144)
Compiled pages.js  (165ms)  (pid 12144)
Compiled participants.js  (156ms)  (pid 12144)
Compiled plans.js  (159ms)  (pid 12144)
Compiled search.js  (158ms)  (pid 12144)
Compiled subscriptions.js  (185ms)  (pid 12144)
Compiled application.css  (3ms)  (pid 12144)
Compiled base.css  (0ms)  (pid 12144)
Compiled pages.css  (14ms)  (pid 12144)
Compiled participants.css  (1ms)  (pid 12144)
Compiled plans.css  (1ms)  (pid 12144)
Compiled search.css  (1ms)  (pid 12144)
Compiled subscriptions.css  (1ms)  (pid 12144)
Compiled application.js  (4ms)  (pid 12823)
Compiled jquery.js  (2ms)  (pid 12823)
Compiled jquery_ujs.js  (0ms)  (pid 12823)
Compiled pages.js  (159ms)  (pid 12823)
Compiled participants.js  (151ms)  (pid 12823)
Compiled plans.js  (164ms)  (pid 12823)
Compiled search.js  (181ms)  (pid 12823)
Compiled subscriptions.js  (195ms)  (pid 12823)
Compiled application.css  (2ms)  (pid 12823)
Compiled base.css  (0ms)  (pid 12823)
Compiled pages.css  (15ms)  (pid 12823)
Compiled participants.css  (2ms)  (pid 12823)
Compiled plans.css  (2ms)  (pid 12823)
Compiled search.css  (1ms)  (pid 12823)
Compiled subscriptions.css  (1ms)  (pid 12823)
Compiled application.js  (33ms)  (pid 12805)
Compiled jquery.js  (2ms)  (pid 12805)
Compiled jquery_ujs.js  (0ms)  (pid 12805)
Compiled pages.js  (238ms)  (pid 12805)
Compiled participants.js  (162ms)  (pid 12805)
Compiled plans.js  (157ms)  (pid 12805)
Compiled search.js  (154ms)  (pid 12805)
Compiled subscriptions.js  (155ms)  (pid 12805)
Compiled application.css  (2ms)  (pid 12805)
Compiled base.css  (0ms)  (pid 12805)
Compiled pages.css  (11ms)  (pid 12805)
Compiled participants.css  (1ms)  (pid 12805)
Compiled plans.css  (1ms)  (pid 12805)
Compiled search.css  (1ms)  (pid 12805)
Compiled subscriptions.css  (1ms)  (pid 12805)
Compiled application.js  (4ms)  (pid 12991)
Compiled jquery.js  (2ms)  (pid 12991)
Compiled jquery_ujs.js  (0ms)  (pid 12991)
Compiled pages.js  (157ms)  (pid 12991)
Compiled participants.js  (152ms)  (pid 12991)
Compiled plans.js  (164ms)  (pid 12991)
Compiled search.js  (184ms)  (pid 12991)
Compiled subscriptions.js  (186ms)  (pid 12991)
Compiled application.css  (4ms)  (pid 12991)
Compiled base.css  (0ms)  (pid 12991)
Compiled pages.css  (13ms)  (pid 12991)
Compiled participants.css  (1ms)  (pid 12991)
Compiled plans.css  (1ms)  (pid 12991)
Compiled search.css  (1ms)  (pid 12991)
Compiled subscriptions.css  (2ms)  (pid 12991)
Compiled application.js  (29ms)  (pid 12973)
Compiled jquery.js  (2ms)  (pid 12973)
Compiled jquery_ujs.js  (0ms)  (pid 12973)
Compiled pages.js  (241ms)  (pid 12973)
Compiled participants.js  (164ms)  (pid 12973)
Compiled plans.js  (157ms)  (pid 12973)
Compiled search.js  (152ms)  (pid 12973)
Compiled subscriptions.js  (157ms)  (pid 12973)
Compiled application.css  (2ms)  (pid 12973)
Compiled base.css  (0ms)  (pid 12973)
Compiled pages.css  (10ms)  (pid 12973)
Compiled participants.css  (1ms)  (pid 12973)
Compiled plans.css  (1ms)  (pid 12973)
Compiled search.css  (1ms)  (pid 12973)
Compiled subscriptions.css  (1ms)  (pid 12973)
